[17-Jan-2017 12:25:14 UTC] PHP Fatal error:  Call to undefined function NewVopr() in /home/ubuntu/workspace/Build/index.php on line 51
[17-Jan-2017 12:25:14 UTC] PHP Stack trace:
[17-Jan-2017 12:25:14 UTC] PHP   1. {main}() /home/ubuntu/workspace/Build/index.php:0
[17-Jan-2017 12:25:22 UTC] PHP Fatal error:  Call to undefined function NewVopr() in /home/ubuntu/workspace/Deploy/index.php on line 5
[17-Jan-2017 12:25:22 UTC] PHP Stack trace:
[17-Jan-2017 12:25:22 UTC] PHP   1. {main}() /home/ubuntu/workspace/Deploy/index.php:0
[17-Jan-2017 12:25:34 UTC] PHP Fatal error:  Call to undefined function NewVopr() in /home/ubuntu/workspace/Build/index.php on line 51
[17-Jan-2017 12:25:34 UTC] PHP Stack trace:
[17-Jan-2017 12:25:34 UTC] PHP   1. {main}() /home/ubuntu/workspace/Build/index.php:0
[17-Jan-2017 12:27:07 UTC] PHP Fatal error:  Call to undefined function CountOtv() in /home/ubuntu/workspace/Build/index.php on line 68
[17-Jan-2017 12:27:07 UTC] PHP Stack trace:
[17-Jan-2017 12:27:07 UTC] PHP   1. {main}() /home/ubuntu/workspace/Build/index.php:0
[17-Jan-2017 12:28:03 UTC] PHP Fatal error:  Call to undefined function CountOtv() in /home/ubuntu/workspace/Build/index.php on line 68
[17-Jan-2017 12:28:03 UTC] PHP Stack trace:
[17-Jan-2017 12:28:03 UTC] PHP   1. {main}() /home/ubuntu/workspace/Build/index.php:0
[17-Jan-2017 12:35:38 UTC] PHP Warning:  mysqli::mysqli(): (HY000/2002): Connection timed out in /home/ubuntu/workspace/Build/lib/function.php on line 77
[17-Jan-2017 12:35:38 UTC] PHP Stack trace:
[17-Jan-2017 12:35:38 UTC] PHP   1. {main}() /home/ubuntu/workspace/Build/index.php:0
[17-Jan-2017 12:35:38 UTC] PHP   2. NewVopr() /home/ubuntu/workspace/Build/index.php:51
[17-Jan-2017 12:35:38 UTC] PHP   3. connectDB() /home/ubuntu/workspace/Build/lib/function.php:927
[17-Jan-2017 12:35:38 UTC] PHP   4. mysqli->mysqli() /home/ubuntu/workspace/Build/lib/function.php:77
[17-Jan-2017 12:35:38 UTC] PHP Warning:  mysqli::query(): Couldn't fetch mysqli in /home/ubuntu/workspace/Build/lib/function.php on line 78
[17-Jan-2017 12:35:38 UTC] PHP Stack trace:
[17-Jan-2017 12:35:38 UTC] PHP   1. {main}() /home/ubuntu/workspace/Build/index.php:0
[17-Jan-2017 12:35:38 UTC] PHP   2. NewVopr() /home/ubuntu/workspace/Build/index.php:51
[17-Jan-2017 12:35:38 UTC] PHP   3. connectDB() /home/ubuntu/workspace/Build/lib/function.php:927
[17-Jan-2017 12:35:38 UTC] PHP   4. mysqli->query() /home/ubuntu/workspace/Build/lib/function.php:78
[17-Jan-2017 12:35:38 UTC] PHP Warning:  mysqli::query(): Couldn't fetch mysqli in /home/ubuntu/workspace/Build/lib/function.php on line 932
[17-Jan-2017 12:35:38 UTC] PHP Stack trace:
[17-Jan-2017 12:35:38 UTC] PHP   1. {main}() /home/ubuntu/workspace/Build/index.php:0
[17-Jan-2017 12:35:38 UTC] PHP   2. NewVopr() /home/ubuntu/workspace/Build/index.php:51
[17-Jan-2017 12:35:38 UTC] PHP   3. mysqli->query() /home/ubuntu/workspace/Build/lib/function.php:932
[17-Jan-2017 12:35:38 UTC] PHP Warning:  mysqli_error() expects exactly 1 parameter, 0 given in /home/ubuntu/workspace/Build/lib/function.php on line 441
[17-Jan-2017 12:35:38 UTC] PHP Stack trace:
[17-Jan-2017 12:35:38 UTC] PHP   1. {main}() /home/ubuntu/workspace/Build/index.php:0
[17-Jan-2017 12:35:38 UTC] PHP   2. NewVopr() /home/ubuntu/workspace/Build/index.php:51
[17-Jan-2017 12:35:38 UTC] PHP   3. getResult() /home/ubuntu/workspace/Build/lib/function.php:933
[17-Jan-2017 12:35:38 UTC] PHP   4. mysqli_error() /home/ubuntu/workspace/Build/lib/function.php:441
[17-Jan-2017 12:41:29 UTC] PHP Warning:  mysqli::mysqli(): (HY000/2002): Connection timed out in /home/ubuntu/workspace/Build/lib/function.php on line 77
[17-Jan-2017 12:41:29 UTC] PHP Stack trace:
[17-Jan-2017 12:41:29 UTC] PHP   1. {main}() /home/ubuntu/workspace/Build/index.php:0
[17-Jan-2017 12:41:29 UTC] PHP   2. NewVopr() /home/ubuntu/workspace/Build/index.php:51
[17-Jan-2017 12:41:29 UTC] PHP   3. connectDB() /home/ubuntu/workspace/Build/lib/function.php:927
[17-Jan-2017 12:41:29 UTC] PHP   4. mysqli->mysqli() /home/ubuntu/workspace/Build/lib/function.php:77
[17-Jan-2017 12:41:29 UTC] PHP Warning:  mysqli::query(): Couldn't fetch mysqli in /home/ubuntu/workspace/Build/lib/function.php on line 78
[17-Jan-2017 12:41:29 UTC] PHP Stack trace:
[17-Jan-2017 12:41:29 UTC] PHP   1. {main}() /home/ubuntu/workspace/Build/index.php:0
[17-Jan-2017 12:41:29 UTC] PHP   2. NewVopr() /home/ubuntu/workspace/Build/index.php:51
[17-Jan-2017 12:41:29 UTC] PHP   3. connectDB() /home/ubuntu/workspace/Build/lib/function.php:927
[17-Jan-2017 12:41:29 UTC] PHP   4. mysqli->query() /home/ubuntu/workspace/Build/lib/function.php:78
[17-Jan-2017 12:41:29 UTC] PHP Warning:  mysqli::query(): Couldn't fetch mysqli in /home/ubuntu/workspace/Build/lib/function.php on line 932
[17-Jan-2017 12:41:29 UTC] PHP Stack trace:
[17-Jan-2017 12:41:29 UTC] PHP   1. {main}() /home/ubuntu/workspace/Build/index.php:0
[17-Jan-2017 12:41:29 UTC] PHP   2. NewVopr() /home/ubuntu/workspace/Build/index.php:51
[17-Jan-2017 12:41:29 UTC] PHP   3. mysqli->query() /home/ubuntu/workspace/Build/lib/function.php:932
[17-Jan-2017 12:41:29 UTC] PHP Warning:  mysqli_error() expects exactly 1 parameter, 0 given in /home/ubuntu/workspace/Build/lib/function.php on line 441
[17-Jan-2017 12:41:29 UTC] PHP Stack trace:
[17-Jan-2017 12:41:29 UTC] PHP   1. {main}() /home/ubuntu/workspace/Build/index.php:0
[17-Jan-2017 12:41:29 UTC] PHP   2. NewVopr() /home/ubuntu/workspace/Build/index.php:51
[17-Jan-2017 12:41:29 UTC] PHP   3. getResult() /home/ubuntu/workspace/Build/lib/function.php:933
[17-Jan-2017 12:41:29 UTC] PHP   4. mysqli_error() /home/ubuntu/workspace/Build/lib/function.php:441
[17-Jan-2017 12:53:56 UTC] PHP Warning:  mysqli::mysqli(): (HY000/2002): Connection timed out in /home/ubuntu/workspace/Build/lib/function.php on line 77
[17-Jan-2017 12:53:56 UTC] PHP Stack trace:
[17-Jan-2017 12:53:56 UTC] PHP   1. {main}() /home/ubuntu/workspace/Build/index.php:0
[17-Jan-2017 12:53:56 UTC] PHP   2. NewVopr() /home/ubuntu/workspace/Build/index.php:51
[17-Jan-2017 12:53:56 UTC] PHP   3. connectDB() /home/ubuntu/workspace/Build/lib/function.php:927
[17-Jan-2017 12:53:56 UTC] PHP   4. mysqli->mysqli() /home/ubuntu/workspace/Build/lib/function.php:77
[17-Jan-2017 12:53:56 UTC] PHP Warning:  mysqli::query(): Couldn't fetch mysqli in /home/ubuntu/workspace/Build/lib/function.php on line 78
[17-Jan-2017 12:53:56 UTC] PHP Stack trace:
[17-Jan-2017 12:53:56 UTC] PHP   1. {main}() /home/ubuntu/workspace/Build/index.php:0
[17-Jan-2017 12:53:56 UTC] PHP   2. NewVopr() /home/ubuntu/workspace/Build/index.php:51
[17-Jan-2017 12:53:56 UTC] PHP   3. connectDB() /home/ubuntu/workspace/Build/lib/function.php:927
[17-Jan-2017 12:53:56 UTC] PHP   4. mysqli->query() /home/ubuntu/workspace/Build/lib/function.php:78
[17-Jan-2017 12:53:56 UTC] PHP Warning:  mysqli::query(): Couldn't fetch mysqli in /home/ubuntu/workspace/Build/lib/function.php on line 932
[17-Jan-2017 12:53:56 UTC] PHP Stack trace:
[17-Jan-2017 12:53:56 UTC] PHP   1. {main}() /home/ubuntu/workspace/Build/index.php:0
[17-Jan-2017 12:53:56 UTC] PHP   2. NewVopr() /home/ubuntu/workspace/Build/index.php:51
[17-Jan-2017 12:53:56 UTC] PHP   3. mysqli->query() /home/ubuntu/workspace/Build/lib/function.php:932
[17-Jan-2017 12:53:56 UTC] PHP Warning:  mysqli_error() expects exactly 1 parameter, 0 given in /home/ubuntu/workspace/Build/lib/function.php on line 441
[17-Jan-2017 12:53:56 UTC] PHP Stack trace:
[17-Jan-2017 12:53:56 UTC] PHP   1. {main}() /home/ubuntu/workspace/Build/index.php:0
[17-Jan-2017 12:53:56 UTC] PHP   2. NewVopr() /home/ubuntu/workspace/Build/index.php:51
[17-Jan-2017 12:53:56 UTC] PHP   3. getResult() /home/ubuntu/workspace/Build/lib/function.php:933
[17-Jan-2017 12:53:56 UTC] PHP   4. mysqli_error() /home/ubuntu/workspace/Build/lib/function.php:441
[17-Jan-2017 13:22:31 UTC] PHP Warning:  require_once(/home/u435735/xn--80adsajtfqq.xn--80asehdb/www/lib/function.php): failed to open stream: No such file or directory in /home/ubuntu/workspace/Build/all_v.php on line 2
[17-Jan-2017 13:22:31 UTC] PHP Stack trace:
[17-Jan-2017 13:22:31 UTC] PHP   1. {main}() /home/ubuntu/workspace/Build/all_v.php:0
[17-Jan-2017 13:22:31 UTC] PHP Fatal error:  require_once(): Failed opening required '/home/u435735/xn--80adsajtfqq.xn--80asehdb/www/lib/function.php' (include_path='.:/usr/share/php:/usr/share/pear') in /home/ubuntu/workspace/Build/all_v.php on line 2
[17-Jan-2017 13:22:31 UTC] PHP Stack trace:
[17-Jan-2017 13:22:31 UTC] PHP   1. {main}() /home/ubuntu/workspace/Build/all_v.php:0
[17-Jan-2017 13:24:36 UTC] PHP Warning:  require_once(/home/u435735/xn--80adsajtfqq.xn--80asehdb/www/lib/function.php): failed to open stream: No such file or directory in /home/ubuntu/workspace/Build/all_v.php on line 2
[17-Jan-2017 13:24:36 UTC] PHP Stack trace:
[17-Jan-2017 13:24:36 UTC] PHP   1. {main}() /home/ubuntu/workspace/Build/all_v.php:0
[17-Jan-2017 13:24:36 UTC] PHP Fatal error:  require_once(): Failed opening required '/home/u435735/xn--80adsajtfqq.xn--80asehdb/www/lib/function.php' (include_path='.:/usr/share/php:/usr/share/pear') in /home/ubuntu/workspace/Build/all_v.php on line 2
[17-Jan-2017 13:24:36 UTC] PHP Stack trace:
[17-Jan-2017 13:24:36 UTC] PHP   1. {main}() /home/ubuntu/workspace/Build/all_v.php:0
[17-Jan-2017 13:46:48 UTC] PHP Warning:  require_once(/home/u435735/xn--80adsajtfqq.xn--80asehdb/www/lib/function.php): failed to open stream: No such file or directory in /home/ubuntu/workspace/Build/all_v.php on line 2
[17-Jan-2017 13:46:48 UTC] PHP Stack trace:
[17-Jan-2017 13:46:48 UTC] PHP   1. {main}() /home/ubuntu/workspace/Build/all_v.php:0
[17-Jan-2017 13:46:48 UTC] PHP Fatal error:  require_once(): Failed opening required '/home/u435735/xn--80adsajtfqq.xn--80asehdb/www/lib/function.php' (include_path='.:/usr/share/php:/usr/share/pear') in /home/ubuntu/workspace/Build/all_v.php on line 2
[17-Jan-2017 13:46:48 UTC] PHP Stack trace:
[17-Jan-2017 13:46:48 UTC] PHP   1. {main}() /home/ubuntu/workspace/Build/all_v.php:0
[17-Jan-2017 13:53:17 UTC] PHP Warning:  require_once(/home/u435735/xn--80adsajtfqq.xn--80asehdb/www/lib/function.php): failed to open stream: No such file or directory in /home/ubuntu/workspace/Build/all_v.php on line 2
[17-Jan-2017 13:53:17 UTC] PHP Stack trace:
[17-Jan-2017 13:53:17 UTC] PHP   1. {main}() /home/ubuntu/workspace/Build/all_v.php:0
[17-Jan-2017 13:53:17 UTC] PHP Fatal error:  require_once(): Failed opening required '/home/u435735/xn--80adsajtfqq.xn--80asehdb/www/lib/function.php' (include_path='.:/usr/share/php:/usr/share/pear') in /home/ubuntu/workspace/Build/all_v.php on line 2
[17-Jan-2017 13:53:17 UTC] PHP Stack trace:
[17-Jan-2017 13:53:17 UTC] PHP   1. {main}() /home/ubuntu/workspace/Build/all_v.php:0
[17-Jan-2017 13:54:02 UTC] PHP Warning:  require_once(/home/u435735/xn--80adsajtfqq.xn--80asehdb/www/lib/function.php): failed to open stream: No such file or directory in /home/ubuntu/workspace/Build/lib/search.php on line 3
[17-Jan-2017 13:54:02 UTC] PHP Stack trace:
[17-Jan-2017 13:54:02 UTC] PHP   1. {main}() /home/ubuntu/workspace/Build/all_v.php:0
[17-Jan-2017 13:54:02 UTC] PHP   2. require_once() /home/ubuntu/workspace/Build/all_v.php:163
[17-Jan-2017 13:54:02 UTC] PHP Fatal error:  require_once(): Failed opening required '/home/u435735/xn--80adsajtfqq.xn--80asehdb/www/lib/function.php' (include_path='.:/usr/share/php:/usr/share/pear') in /home/ubuntu/workspace/Build/lib/search.php on line 3
[17-Jan-2017 13:54:02 UTC] PHP Stack trace:
[17-Jan-2017 13:54:02 UTC] PHP   1. {main}() /home/ubuntu/workspace/Build/all_v.php:0
[17-Jan-2017 13:54:02 UTC] PHP   2. require_once() /home/ubuntu/workspace/Build/all_v.php:163
[17-Jan-2017 13:55:33 UTC] PHP Warning:  mysqli::mysqli(): (HY000/1045): Access denied for user 'p8080q'@'localhost' (using password: YES) in /home/ubuntu/workspace/Build/lib/function.php on line 77
[17-Jan-2017 13:55:33 UTC] PHP Stack trace:
[17-Jan-2017 13:55:33 UTC] PHP   1. {main}() /home/ubuntu/workspace/Build/index.php:0
[17-Jan-2017 13:55:33 UTC] PHP   2. NewVopr() /home/ubuntu/workspace/Build/index.php:51
[17-Jan-2017 13:55:33 UTC] PHP   3. connectDB() /home/ubuntu/workspace/Build/lib/function.php:927
[17-Jan-2017 13:55:33 UTC] PHP   4. mysqli->mysqli() /home/ubuntu/workspace/Build/lib/function.php:77
[17-Jan-2017 13:55:33 UTC] PHP Warning:  mysqli::query(): Couldn't fetch mysqli in /home/ubuntu/workspace/Build/lib/function.php on line 78
[17-Jan-2017 13:55:33 UTC] PHP Stack trace:
[17-Jan-2017 13:55:33 UTC] PHP   1. {main}() /home/ubuntu/workspace/Build/index.php:0
[17-Jan-2017 13:55:33 UTC] PHP   2. NewVopr() /home/ubuntu/workspace/Build/index.php:51
[17-Jan-2017 13:55:33 UTC] PHP   3. connectDB() /home/ubuntu/workspace/Build/lib/function.php:927
[17-Jan-2017 13:55:33 UTC] PHP   4. mysqli->query() /home/ubuntu/workspace/Build/lib/function.php:78
[17-Jan-2017 13:55:33 UTC] PHP Warning:  mysqli::query(): Couldn't fetch mysqli in /home/ubuntu/workspace/Build/lib/function.php on line 932
[17-Jan-2017 13:55:33 UTC] PHP Stack trace:
[17-Jan-2017 13:55:33 UTC] PHP   1. {main}() /home/ubuntu/workspace/Build/index.php:0
[17-Jan-2017 13:55:33 UTC] PHP   2. NewVopr() /home/ubuntu/workspace/Build/index.php:51
[17-Jan-2017 13:55:33 UTC] PHP   3. mysqli->query() /home/ubuntu/workspace/Build/lib/function.php:932
[17-Jan-2017 13:55:33 UTC] PHP Warning:  mysqli_error() expects exactly 1 parameter, 0 given in /home/ubuntu/workspace/Build/lib/function.php on line 441
[17-Jan-2017 13:55:33 UTC] PHP Stack trace:
[17-Jan-2017 13:55:33 UTC] PHP   1. {main}() /home/ubuntu/workspace/Build/index.php:0
[17-Jan-2017 13:55:33 UTC] PHP   2. NewVopr() /home/ubuntu/workspace/Build/index.php:51
[17-Jan-2017 13:55:33 UTC] PHP   3. getResult() /home/ubuntu/workspace/Build/lib/function.php:933
[17-Jan-2017 13:55:33 UTC] PHP   4. mysqli_error() /home/ubuntu/workspace/Build/lib/function.php:441
[17-Jan-2017 13:59:11 UTC] PHP Warning:  require_once(/home/ubuntu/workspace/lib/function.php): failed to open stream: No such file or directory in /home/ubuntu/workspace/Build/lib/action/liney.php on line 3
[17-Jan-2017 13:59:11 UTC] PHP Stack trace:
[17-Jan-2017 13:59:11 UTC] PHP   1. {main}() /home/ubuntu/workspace/Build/all_v.php:0
[17-Jan-2017 13:59:11 UTC] PHP   2. include() /home/ubuntu/workspace/Build/all_v.php:202
[17-Jan-2017 13:59:11 UTC] PHP Fatal error:  require_once(): Failed opening required '/home/ubuntu/workspace/lib/function.php' (include_path='.:/usr/share/php:/usr/share/pear') in /home/ubuntu/workspace/Build/lib/action/liney.php on line 3
[17-Jan-2017 13:59:11 UTC] PHP Stack trace:
[17-Jan-2017 13:59:11 UTC] PHP   1. {main}() /home/ubuntu/workspace/Build/all_v.php:0
[17-Jan-2017 13:59:11 UTC] PHP   2. include() /home/ubuntu/workspace/Build/all_v.php:202
[17-Jan-2017 13:59:45 UTC] PHP Warning:  require_once(/home/ubuntu/workspace/lib/function.php): failed to open stream: No such file or directory in /home/ubuntu/workspace/Build/lib/action/liney.php on line 3
[17-Jan-2017 13:59:45 UTC] PHP Stack trace:
[17-Jan-2017 13:59:45 UTC] PHP   1. {main}() /home/ubuntu/workspace/Build/all_v.php:0
[17-Jan-2017 13:59:45 UTC] PHP   2. include() /home/ubuntu/workspace/Build/all_v.php:202
[17-Jan-2017 13:59:45 UTC] PHP Fatal error:  require_once(): Failed opening required '/home/ubuntu/workspace/lib/function.php' (include_path='.:/usr/share/php:/usr/share/pear') in /home/ubuntu/workspace/Build/lib/action/liney.php on line 3
[17-Jan-2017 13:59:45 UTC] PHP Stack trace:
[17-Jan-2017 13:59:45 UTC] PHP   1. {main}() /home/ubuntu/workspace/Build/all_v.php:0
[17-Jan-2017 13:59:45 UTC] PHP   2. include() /home/ubuntu/workspace/Build/all_v.php:202
[17-Jan-2017 14:00:25 UTC] PHP Warning:  require_once(../lib/function.php): failed to open stream: No such file or directory in /home/ubuntu/workspace/Build/lib/action/liney.php on line 3
[17-Jan-2017 14:00:25 UTC] PHP Stack trace:
[17-Jan-2017 14:00:25 UTC] PHP   1. {main}() /home/ubuntu/workspace/Build/all_v.php:0
[17-Jan-2017 14:00:25 UTC] PHP   2. include() /home/ubuntu/workspace/Build/all_v.php:202
[17-Jan-2017 14:00:25 UTC] PHP Fatal error:  require_once(): Failed opening required '../lib/function.php' (include_path='.:/usr/share/php:/usr/share/pear') in /home/ubuntu/workspace/Build/lib/action/liney.php on line 3
[17-Jan-2017 14:00:25 UTC] PHP Stack trace:
[17-Jan-2017 14:00:25 UTC] PHP   1. {main}() /home/ubuntu/workspace/Build/all_v.php:0
[17-Jan-2017 14:00:25 UTC] PHP   2. include() /home/ubuntu/workspace/Build/all_v.php:202
[17-Jan-2017 14:00:53 UTC] PHP Warning:  require_once(../lib/function.php): failed to open stream: No such file or directory in /home/ubuntu/workspace/Build/lib/action/liney.php on line 3
[17-Jan-2017 14:00:53 UTC] PHP Stack trace:
[17-Jan-2017 14:00:53 UTC] PHP   1. {main}() /home/ubuntu/workspace/Build/all_v.php:0
[17-Jan-2017 14:00:53 UTC] PHP   2. include() /home/ubuntu/workspace/Build/all_v.php:202
[17-Jan-2017 14:00:53 UTC] PHP Fatal error:  require_once(): Failed opening required '../lib/function.php' (include_path='.:/usr/share/php:/usr/share/pear') in /home/ubuntu/workspace/Build/lib/action/liney.php on line 3
[17-Jan-2017 14:00:53 UTC] PHP Stack trace:
[17-Jan-2017 14:00:53 UTC] PHP   1. {main}() /home/ubuntu/workspace/Build/all_v.php:0
[17-Jan-2017 14:00:53 UTC] PHP   2. include() /home/ubuntu/workspace/Build/all_v.php:202
[17-Jan-2017 14:06:57 UTC] PHP Warning:  require_once(../lib/function.php): failed to open stream: No such file or directory in /home/ubuntu/workspace/Build/lib/action/liney.php on line 3
[17-Jan-2017 14:06:57 UTC] PHP Stack trace:
[17-Jan-2017 14:06:57 UTC] PHP   1. {main}() /home/ubuntu/workspace/Build/all_v.php:0
[17-Jan-2017 14:06:57 UTC] PHP   2. include() /home/ubuntu/workspace/Build/all_v.php:202
[17-Jan-2017 14:06:57 UTC] PHP Fatal error:  require_once(): Failed opening required '../lib/function.php' (include_path='.:/usr/share/php:/usr/share/pear') in /home/ubuntu/workspace/Build/lib/action/liney.php on line 3
[17-Jan-2017 14:06:57 UTC] PHP Stack trace:
[17-Jan-2017 14:06:57 UTC] PHP   1. {main}() /home/ubuntu/workspace/Build/all_v.php:0
[17-Jan-2017 14:06:57 UTC] PHP   2. include() /home/ubuntu/workspace/Build/all_v.php:202
[17-Jan-2017 14:08:03 UTC] PHP Warning:  require_once(../lib/function.php): failed to open stream: No such file or directory in /home/ubuntu/workspace/Build/lib/action/liney.php on line 3
[17-Jan-2017 14:08:03 UTC] PHP Stack trace:
[17-Jan-2017 14:08:03 UTC] PHP   1. {main}() /home/ubuntu/workspace/Build/all_v.php:0
[17-Jan-2017 14:08:03 UTC] PHP   2. include() /home/ubuntu/workspace/Build/all_v.php:202
[17-Jan-2017 14:08:03 UTC] PHP Fatal error:  require_once(): Failed opening required '../lib/function.php' (include_path='.:/usr/share/php:/usr/share/pear') in /home/ubuntu/workspace/Build/lib/action/liney.php on line 3
[17-Jan-2017 14:08:03 UTC] PHP Stack trace:
[17-Jan-2017 14:08:03 UTC] PHP   1. {main}() /home/ubuntu/workspace/Build/all_v.php:0
[17-Jan-2017 14:08:03 UTC] PHP   2. include() /home/ubuntu/workspace/Build/all_v.php:202
[17-Jan-2017 14:09:44 UTC] PHP Warning:  require_once(../lib/function.php): failed to open stream: No such file or directory in /home/ubuntu/workspace/Build/lib/action/liney.php on line 3
[17-Jan-2017 14:09:44 UTC] PHP Stack trace:
[17-Jan-2017 14:09:44 UTC] PHP   1. {main}() /home/ubuntu/workspace/Build/all_v.php:0
[17-Jan-2017 14:09:44 UTC] PHP   2. include() /home/ubuntu/workspace/Build/all_v.php:202
[17-Jan-2017 14:09:44 UTC] PHP Fatal error:  require_once(): Failed opening required '../lib/function.php' (include_path='.:/usr/share/php:/usr/share/pear') in /home/ubuntu/workspace/Build/lib/action/liney.php on line 3
[17-Jan-2017 14:09:44 UTC] PHP Stack trace:
[17-Jan-2017 14:09:44 UTC] PHP   1. {main}() /home/ubuntu/workspace/Build/all_v.php:0
[17-Jan-2017 14:09:44 UTC] PHP   2. include() /home/ubuntu/workspace/Build/all_v.php:202
[17-Jan-2017 14:11:01 UTC] PHP Warning:  require_once(../lib/function.php): failed to open stream: No such file or directory in /home/ubuntu/workspace/Build/lib/action/liney.php on line 3
[17-Jan-2017 14:11:01 UTC] PHP Stack trace:
[17-Jan-2017 14:11:01 UTC] PHP   1. {main}() /home/ubuntu/workspace/Build/all_v.php:0
[17-Jan-2017 14:11:01 UTC] PHP   2. include() /home/ubuntu/workspace/Build/all_v.php:202
[17-Jan-2017 14:11:01 UTC] PHP Fatal error:  require_once(): Failed opening required '../lib/function.php' (include_path='.:/usr/share/php:/usr/share/pear') in /home/ubuntu/workspace/Build/lib/action/liney.php on line 3
[17-Jan-2017 14:11:01 UTC] PHP Stack trace:
[17-Jan-2017 14:11:01 UTC] PHP   1. {main}() /home/ubuntu/workspace/Build/all_v.php:0
[17-Jan-2017 14:11:01 UTC] PHP   2. include() /home/ubuntu/workspace/Build/all_v.php:202
[17-Jan-2017 14:23:38 UTC] PHP Warning:  require_once(../lib/function.php): failed to open stream: No such file or directory in /home/ubuntu/workspace/Build/lib/action/liney.php on line 3
[17-Jan-2017 14:23:38 UTC] PHP Stack trace:
[17-Jan-2017 14:23:38 UTC] PHP   1. {main}() /home/ubuntu/workspace/Build/all_v.php:0
[17-Jan-2017 14:23:38 UTC] PHP   2. include() /home/ubuntu/workspace/Build/all_v.php:202
[17-Jan-2017 14:23:38 UTC] PHP Fatal error:  require_once(): Failed opening required '../lib/function.php' (include_path='.:/usr/share/php:/usr/share/pear') in /home/ubuntu/workspace/Build/lib/action/liney.php on line 3
[17-Jan-2017 14:23:38 UTC] PHP Stack trace:
[17-Jan-2017 14:23:38 UTC] PHP   1. {main}() /home/ubuntu/workspace/Build/all_v.php:0
[17-Jan-2017 14:23:38 UTC] PHP   2. include() /home/ubuntu/workspace/Build/all_v.php:202
[17-Jan-2017 14:25:36 UTC] PHP Warning:  require_once(../lib/function.php): failed to open stream: No such file or directory in /home/ubuntu/workspace/Build/lib/action/liney.php on line 3
[17-Jan-2017 14:25:36 UTC] PHP Stack trace:
[17-Jan-2017 14:25:36 UTC] PHP   1. {main}() /home/ubuntu/workspace/Build/all_v.php:0
[17-Jan-2017 14:25:36 UTC] PHP   2. include() /home/ubuntu/workspace/Build/all_v.php:202
[17-Jan-2017 14:25:36 UTC] PHP Fatal error:  require_once(): Failed opening required '../lib/function.php' (include_path='.:/usr/share/php:/usr/share/pear') in /home/ubuntu/workspace/Build/lib/action/liney.php on line 3
[17-Jan-2017 14:25:36 UTC] PHP Stack trace:
[17-Jan-2017 14:25:36 UTC] PHP   1. {main}() /home/ubuntu/workspace/Build/all_v.php:0
[17-Jan-2017 14:25:36 UTC] PHP   2. include() /home/ubuntu/workspace/Build/all_v.php:202
[18-Jan-2017 13:51:38 UTC] PHP Warning:  require_once(../lib/function.php): failed to open stream: No such file or directory in /home/ubuntu/workspace/Build/lib/action/liney.php on line 3
[18-Jan-2017 13:51:38 UTC] PHP Stack trace:
[18-Jan-2017 13:51:38 UTC] PHP   1. {main}() /home/ubuntu/workspace/Build/all_v.php:0
[18-Jan-2017 13:51:38 UTC] PHP   2. include() /home/ubuntu/workspace/Build/all_v.php:202
[18-Jan-2017 13:51:38 UTC] PHP Fatal error:  require_once(): Failed opening required '../lib/function.php' (include_path='.:/usr/share/php:/usr/share/pear') in /home/ubuntu/workspace/Build/lib/action/liney.php on line 3
[18-Jan-2017 13:51:38 UTC] PHP Stack trace:
[18-Jan-2017 13:51:38 UTC] PHP   1. {main}() /home/ubuntu/workspace/Build/all_v.php:0
[18-Jan-2017 13:51:38 UTC] PHP   2. include() /home/ubuntu/workspace/Build/all_v.php:202
[18-Jan-2017 17:04:38 UTC] PHP Warning:  require_once(../lib/function.php): failed to open stream: No such file or directory in /home/ubuntu/workspace/Build/lib/action/liney.php on line 3
[18-Jan-2017 17:04:38 UTC] PHP Stack trace:
[18-Jan-2017 17:04:38 UTC] PHP   1. {main}() /home/ubuntu/workspace/Build/all_v.php:0
[18-Jan-2017 17:04:38 UTC] PHP   2. include() /home/ubuntu/workspace/Build/all_v.php:202
[18-Jan-2017 17:04:38 UTC] PHP Fatal error:  require_once(): Failed opening required '../lib/function.php' (include_path='.:/usr/share/php:/usr/share/pear') in /home/ubuntu/workspace/Build/lib/action/liney.php on line 3
[18-Jan-2017 17:04:38 UTC] PHP Stack trace:
[18-Jan-2017 17:04:38 UTC] PHP   1. {main}() /home/ubuntu/workspace/Build/all_v.php:0
[18-Jan-2017 17:04:38 UTC] PHP   2. include() /home/ubuntu/workspace/Build/all_v.php:202
